<?xml version="1.0" encoding="UTF-8"?>
<coverage generated="1691140011209" clover="3.2.0">
  <project timestamp="1691140011209" name="All files">
    <metrics statements="10" coveredstatements="7" conditionals="0" coveredconditionals="0" methods="3" coveredmethods="2" elements="13" coveredelements="9" complexity="0" loc="10" ncloc="10" packages="1" files="2" classes="2"/>
    <file name="characterCounter.js" path="C:\Users\USER\OneDrive\Documents\my-projects\Module2-Capstone\src\modules\characterCounter.js">
      <metrics statements="4" coveredstatements="4" conditionals="0" coveredconditionals="0" methods="1" coveredmethods="1"/>
      <line num="4" count="2" type="stmt"/>
      <line num="5" count="2" type="stmt"/>
      <line num="6" count="2" type="stmt"/>
      <line num="7" count="2" type="stmt"/>
    </file>
    <file name="countComments.js" path="C:\Users\USER\OneDrive\Documents\my-projects\Module2-Capstone\src\modules\countComments.js">
      <metrics statements="6" coveredstatements="3" conditionals="0" coveredconditionals="0" methods="2" coveredmethods="1"/>
      <line num="2" count="3" type="stmt"/>
      <line num="4" count="3" type="stmt"/>
      <line num="5" count="0" type="stmt"/>
      <line num="6" count="0" type="stmt"/>
      <line num="7" count="0" type="stmt"/>
      <line num="10" count="3" type="stmt"/>
    </file>
  </project>
</coverage>
