{"C:\\Users\\USER\\OneDrive\\Documents\\my-projects\\Module2-Capstone\\src\\modules\\characterCounter.js": {"path":"C:\\Users\\USER\\OneDrive\\Documents\\my-projects\\Module2-Capstone\\src\\modules\\characterCounter.js","statementMap":{"0":{"start":{"line":4,"column":24},"end":{"line":4,"column":56}},"1":{"start":{"line":5,"column":29},"end":{"line":5,"column":49}},"2":{"start":{"line":6,"column":32},"end":{"line":6,"column":64}},"3":{"start":{"line":7,"column":2},"end":{"line":7,"column":75}}},"fnMap":{"0":{"name":"countCharactersAndUpdateDOM","decl":{"start":{"line":3,"column":30},"end":{"line":3,"column":57}},"loc":{"start":{"line":3,"column":60},"end":{"line":8,"column":1}},"line":3}},"branchMap":{},"s":{"0":2,"1":2,"2":2,"3":2},"f":{"0":2},"b":{},"_coverageSchema":"1a1c01bbd47fc00a2c39e90264f33305004495a9","hash":"33653e463940cc3c1e6f566e983746777ee73b4f"}
,"C:\\Users\\USER\\OneDrive\\Documents\\my-projects\\Module2-Capstone\\src\\modules\\countComments.js": {"path":"C:\\Users\\USER\\OneDrive\\Documents\\my-projects\\Module2-Capstone\\src\\modules\\countComments.js","statementMap":{"0":{"start":{"line":2,"column":19},"end":{"line":2,"column":59}},"1":{"start":{"line":4,"column":2},"end":{"line":8,"column":11}},"2":{"start":{"line":5,"column":4},"end":{"line":5,"column":28}},"3":{"start":{"line":6,"column":21},"end":{"line":6,"column":70}},"4":{"start":{"line":7,"column":4},"end":{"line":7,"column":71}},"5":{"start":{"line":10,"column":2},"end":{"line":10,"column":59}}},"fnMap":{"0":{"name":"countComments","decl":{"start":{"line":1,"column":24},"end":{"line":1,"column":37}},"loc":{"start":{"line":1,"column":40},"end":{"line":11,"column":1}},"line":1},"1":{"name":"(anonymous_1)","decl":{"start":{"line":4,"column":13},"end":{"line":4,"column":14}},"loc":{"start":{"line":4,"column":19},"end":{"line":8,"column":3}},"line":4}},"branchMap":{},"s":{"0":3,"1":3,"2":0,"3":0,"4":0,"5":3},"f":{"0":3,"1":0},"b":{},"_coverageSchema":"1a1c01bbd47fc00a2c39e90264f33305004495a9","hash":"0b2ae018658063c1384a62b280a5fed2bab9d05e"}
}
